C:\Users\msanthak\Documents\oraschema>exp

Export: Release 11.2.0.2.0 - Production on Wed Oct 28 21:26:39 2015

Copyright (c) 1982, 2009, Oracle and/or its affiliates.  All rights reserved.


Username: hr
Password:

Connected to: Oracle Database 11g Express Edition Release 11.2.0.2.0 - Production
Enter array fetch buffer size: 4096 >

Export file: EXPDAT.DMP > HR_EXPDAT.DMP

(2)U(sers), or (3)T(ables): (2)U > 2

Export grants (yes/no): yes >

Export table data (yes/no): yes >

Compress extents (yes/no): yes >

Export done in WE8MSWIN1252 character set and AL16UTF16 NCHAR character set
server uses AL32UTF8 character set (possible charset conversion)
. exporting pre-schema procedural objects and actions
. exporting foreign function library names for user HR
. exporting PUBLIC type synonyms
. exporting private type synonyms
. exporting object type definitions for user HR
About to export HR's objects ...
. exporting database links
. exporting sequence numbers
. exporting cluster definitions
. about to export HR's tables via Conventional Path ...
. . exporting table                      COUNTRIES         25 rows exported
EXP-00091: Exporting questionable statistics.
EXP-00091: Exporting questionable statistics.
. . exporting table                    DEPARTMENTS         27 rows exported
EXP-00091: Exporting questionable statistics.
EXP-00091: Exporting questionable statistics.
EXP-00091: Exporting questionable statistics.
. . exporting table                      EMPLOYEES        107 rows exported
EXP-00091: Exporting questionable statistics.
EXP-00091: Exporting questionable statistics.
EXP-00091: Exporting questionable statistics.
EXP-00091: Exporting questionable statistics.
EXP-00091: Exporting questionable statistics.
EXP-00091: Exporting questionable statistics.
EXP-00091: Exporting questionable statistics.
. . exporting table                           JOBS         19 rows exported
EXP-00091: Exporting questionable statistics.
EXP-00091: Exporting questionable statistics.
. . exporting table                    JOB_HISTORY         10 rows exported
EXP-00091: Exporting questionable statistics.
EXP-00091: Exporting questionable statistics.
EXP-00091: Exporting questionable statistics.
EXP-00091: Exporting questionable statistics.
EXP-00091: Exporting questionable statistics.
. . exporting table                      LOCATIONS         23 rows exported
EXP-00091: Exporting questionable statistics.
EXP-00091: Exporting questionable statistics.
EXP-00091: Exporting questionable statistics.
EXP-00091: Exporting questionable statistics.
EXP-00091: Exporting questionable statistics.
. . exporting table                        REGIONS          4 rows exported
EXP-00091: Exporting questionable statistics.
EXP-00091: Exporting questionable statistics.
. exporting synonyms
. exporting views
. exporting stored procedures
. exporting operators
. exporting referential integrity constraints
. exporting triggers
. exporting indextypes
. exporting bitmap, functional and extensible indexes
. exporting posttables actions
. exporting materialized views
. exporting snapshot logs
. exporting job queues
. exporting refresh groups and children
. exporting dimensions
. exporting post-schema procedural objects and actions
. exporting statistics
Export terminated successfully with warnings.

C:\Users\msanthak\Documents\oraschema>